{"name": "test_login[rodrigo-123]", "status": "failed", "statusDetails": {"message": "AssertionError: assert 2 == 3", "trace": "usr = 'rodrigo', psw = '123'\n\n    @pytest.mark.login\n    @pytest.mark.parametrize(\"usr,psw\", get_data())\n    def test_login(usr, psw):\n        global driver\n        driver = webdriver.Chrome()\n        driver.get(\"https://opensource-demo.orangehrmlive.com/index.php/auth/login\")\n        driver.maximize_window()\n        driver.implicitly_wait(20)\n        f = Funciones_Globales(driver)\n        f.write(\"//input[@id='txtUsername']\", usr)\n        f.write(\"//input[@id='txtPassword']\", psw)\n        f.mouse(\"//input[@id='btnLogin']\")\n        if usr != 'Admin':\n>           assert 2==3\nE           assert 2 == 3\n\npytest_mark_param.py:43: AssertionError"}, "attachments": [{"name": "stdout", "source": "748dbeab-18fe-487d-b90b-96fafcf41e8c-attachment.txt", "type": "text/plain"}], "parameters": [{"name": "usr", "value": "'rodrigo'"}, {"name": "psw", "value": "'123'"}], "start": 1657694145575, "stop": 1657694152257, "uuid": "32fc0784-5e02-4ff0-bd67-2c2ece8b166d", "historyId": "7aa53f59b5f5c57967e0771310aa2d0c", "testCaseId": "13db45f62371e5fe8ffc3a38c5b182c5", "fullName": "PYTEST.pytest_mark_param#test_login", "labels": [{"name": "tag", "value": "login"}, {"name": "parentSuite", "value": "PYTEST"}, {"name": "suite", "value": "pytest_mark_param"}, {"name": "host", "value": "fede-ThinkPad-E14-Gen-2"}, {"name": "thread", "value": "126005-MainThread"}, {"name": "framework", "value": "pytest"}, {"name": "language", "value": "cpython3"}, {"name": "package", "value": "PYTEST.pytest_mark_param"}]}