{"name": "test_login[rodrigo-123]", "status": "failed", "statusDetails": {"message": "AssertionError: assert 1 == 2", "trace": "usr = 'rodrigo', psw = '123'\n\n    @pytest.mark.login\n    @pytest.mark.parametrize(\"usr,psw\", get_data())\n    def test_login(usr, psw):\n        global driver\n        driver = webdriver.Chrome()\n        driver.get(\"https://opensource-demo.orangehrmlive.com/index.php/auth/login\")\n        driver.maximize_window()\n        driver.implicitly_wait(20)\n        f = Funciones_Globales(driver)\n        f.write(\"//input[@id='txtUsername']\", usr)\n        f.write(\"//input[@id='txtPassword']\", psw)\n        f.mouse(\"//input[@id='btnLogin']\")\n>       assert 1==2\nE       assert 1 == 2\n\npytest_mark_param.py:42: AssertionError"}, "attachments": [{"name": "stdout", "source": "173ab515-3e82-405e-b3bd-f80654a5dece-attachment.txt", "type": "text/plain"}], "parameters": [{"name": "usr", "value": "'rodrigo'"}, {"name": "psw", "value": "'123'"}], "start": 1657693668059, "stop": 1657693674245, "uuid": "34f778a4-fecb-48c5-b40c-11740aaa0247", "historyId": "7aa53f59b5f5c57967e0771310aa2d0c", "testCaseId": "13db45f62371e5fe8ffc3a38c5b182c5", "fullName": "PYTEST.pytest_mark_param#test_login", "labels": [{"name": "tag", "value": "login"}, {"name": "parentSuite", "value": "PYTEST"}, {"name": "suite", "value": "pytest_mark_param"}, {"name": "host", "value": "fede-ThinkPad-E14-Gen-2"}, {"name": "thread", "value": "122718-MainThread"}, {"name": "framework", "value": "pytest"}, {"name": "language", "value": "cpython3"}, {"name": "package", "value": "PYTEST.pytest_mark_param"}]}