{"name": "test_login[Admin-admin123]", "status": "failed", "statusDetails": {"message": "AssertionError: assert 1 == 2", "trace": "usr = 'Admin', psw = 'admin123'\n\n    @pytest.mark.login\n    @pytest.mark.parametrize(\"usr,psw\", get_data())\n    def test_login(usr, psw):\n        global driver\n        driver = webdriver.Chrome()\n        driver.get(\"https://opensource-demo.orangehrmlive.com/index.php/auth/login\")\n        driver.maximize_window()\n        driver.implicitly_wait(20)\n        f = Funciones_Globales(driver)\n        f.write(\"//input[@id='txtUsername']\", usr)\n        f.write(\"//input[@id='txtPassword']\", psw)\n        f.mouse(\"//input[@id='btnLogin']\")\n>       assert 1==2\nE       assert 1 == 2\n\npytest_mark_param.py:42: AssertionError"}, "attachments": [{"name": "stdout", "source": "8a8a2465-045a-4459-8ead-48f7ff9fc540-attachment.txt", "type": "text/plain"}], "parameters": [{"name": "usr", "value": "'Admin'"}, {"name": "psw", "value": "'admin123'"}], "start": 1657693674324, "stop": 1657693682383, "uuid": "39d644c3-bd06-40b2-b756-94514f25319d", "historyId": "6badd2bb371f7542f3465137a884fc72", "testCaseId": "13db45f62371e5fe8ffc3a38c5b182c5", "fullName": "PYTEST.pytest_mark_param#test_login", "labels": [{"name": "tag", "value": "login"}, {"name": "parentSuite", "value": "PYTEST"}, {"name": "suite", "value": "pytest_mark_param"}, {"name": "host", "value": "fede-ThinkPad-E14-Gen-2"}, {"name": "thread", "value": "122718-MainThread"}, {"name": "framework", "value": "pytest"}, {"name": "language", "value": "cpython3"}, {"name": "package", "value": "PYTEST.pytest_mark_param"}]}